host: GPD-PowerEdge-T640
Building DAG of jobs...
Using shell: /usr/bin/bash
Provided cores: 4
Rules claiming more threads will be scaled down.
Job stats:
job                  count
-----------------  -------
all                      1
bowtie2_mapping          2
samtools_coverage        2
seqkit_stats             2
total                    7

Select jobs to execute...
Execute 1 jobs...

[Fri Nov  8 15:28:36 2024]
localrule bowtie2_mapping:
    input: /home/renzirui/Projects/GZLab_ViromePipeline/HostIdentification/testdata/simulate_multibatch/Y23110000033853_tail1M_r1.fq.gz, /home/renzirui/Projects/GZLab_ViromePipeline/HostIdentification/testdata/simulate_multibatch/Y23110000033853_tail1M_r2.fq.gz
    output: testout/1.sortedbam/chip_tail1M_sorted.bam
    log: logs/bowtie2_chip_tail1M.log
    jobid: 4
    reason: Missing output files: testout/1.sortedbam/chip_tail1M_sorted.bam
    wildcards: sample_index=chip_tail1M
    threads: 4
    resources: tmpdir=/tmp

[Fri Nov  8 15:28:36 2024]
Error in rule bowtie2_mapping:
    jobid: 4
    input: /home/renzirui/Projects/GZLab_ViromePipeline/HostIdentification/testdata/simulate_multibatch/Y23110000033853_tail1M_r1.fq.gz, /home/renzirui/Projects/GZLab_ViromePipeline/HostIdentification/testdata/simulate_multibatch/Y23110000033853_tail1M_r2.fq.gz
    output: testout/1.sortedbam/chip_tail1M_sorted.bam
    log: logs/bowtie2_chip_tail1M.log (check log file(s) for error details)
    shell:
        
        bowtie2 -x /home/renzirui/miniconda3/envs/mapping_vertvirus/lib/python3.12/site-packages/snakemake/bowtie2_index/vhdb_vert_ani90rep -1 /home/renzirui/Projects/GZLab_ViromePipeline/HostIdentification/testdata/simulate_multibatch/Y23110000033853_tail1M_r1.fq.gz -2 /home/renzirui/Projects/GZLab_ViromePipeline/HostIdentification/testdata/simulate_multibatch/Y23110000033853_tail1M_r2.fq.gz --very-sensitive-local -p 4 | samtools view -bS -F 4 | samtools sort -o testout/1.sortedbam/chip_tail1M_sorted.bam 2> logs/bowtie2_chip_tail1M.log
        
        (one of the commands exited with non-zero exit code; note that snakemake uses bash strict mode!)

Shutting down, this might take some time.
Exiting because a job execution failed. Look above for error message
Complete log: .snakemake/log/2024-11-08T152836.033242.snakemake.log
WorkflowError:
At least one job did not complete successfully.
