host: GPD-PowerEdge-T640
Building DAG of jobs...
Using shell: /usr/bin/bash
Provided cores: 16
Rules claiming more threads will be scaled down.
Job stats:
job          count
---------  -------
all              1
summarize        2
total            3

Select jobs to execute...
Execute 2 jobs...

[Fri Nov  8 16:46:52 2024]
localrule summarize:
    input: testout/2.coverage/chip_head1M_coverage.txt, testout/0.stats/chip_head1M.seqkit.stats.txt
    output: testout/3.summary/chip_head1M_summary.csv
    jobid: 7
    reason: Missing output files: testout/3.summary/chip_head1M_summary.csv
    wildcards: sample_index=chip_head1M
    resources: tmpdir=/tmp


[Fri Nov  8 16:46:52 2024]
localrule summarize:
    input: testout/2.coverage/chip_tail1M_coverage.txt, testout/0.stats/chip_tail1M.seqkit.stats.txt
    output: testout/3.summary/chip_tail1M_summary.csv
    jobid: 8
    reason: Missing output files: testout/3.summary/chip_tail1M_summary.csv
    wildcards: sample_index=chip_tail1M
    resources: tmpdir=/tmp

[Fri Nov  8 16:46:52 2024]
Finished job 7.
1 of 3 steps (33%) done
[Fri Nov  8 16:46:52 2024]
Finished job 8.
2 of 3 steps (67%) done
Select jobs to execute...
Execute 1 jobs...

[Fri Nov  8 16:46:52 2024]
localrule all:
    input: testout/2.coverage/chip_head1M_coverage.txt, testout/2.coverage/chip_tail1M_coverage.txt, testout/0.stats/chip_head1M.seqkit.stats.txt, testout/0.stats/chip_tail1M.seqkit.stats.txt, testout/3.summary/chip_head1M_summary.csv, testout/3.summary/chip_tail1M_summary.csv
    jobid: 0
    reason: Input files updated by another job: testout/3.summary/chip_head1M_summary.csv, testout/3.summary/chip_tail1M_summary.csv
    resources: tmpdir=/tmp

[Fri Nov  8 16:46:52 2024]
Finished job 0.
3 of 3 steps (100%) done
Complete log: .snakemake/log/2024-11-08T164652.277772.snakemake.log
