host: GPD-PowerEdge-T640
Building DAG of jobs...
Using shell: /usr/bin/bash
Provided cores: 16
Rules claiming more threads will be scaled down.
Job stats:
job                  count
-----------------  -------
all                      1
samtools_coverage        1
summarize                2
total                    4

Select jobs to execute...
Execute 2 jobs...

[Fri Nov  8 16:44:55 2024]
localrule samtools_coverage:
    input: testout/1.sortedbam/chip_tail1M_sorted.bam
    output: testout/2.coverage/chip_tail1M_coverage.txt
    jobid: 3
    reason: Missing output files: testout/2.coverage/chip_tail1M_coverage.txt
    wildcards: sample_index=chip_tail1M
    resources: tmpdir=/tmp


[Fri Nov  8 16:44:55 2024]
localrule summarize:
    input: testout/2.coverage/chip_head1M_coverage.txt, testout/0.stats/chip_head1M.seqkit.stats.txt
    output: testout/3.summary/chip_head1M_summary.csv
    jobid: 7
    reason: Missing output files: testout/3.summary/chip_head1M_summary.csv
    wildcards: sample_index=chip_head1M
    resources: tmpdir=/tmp

[Fri Nov  8 16:44:56 2024]
Finished job 3.
1 of 4 steps (25%) done
Select jobs to execute...
Execute 1 jobs...

[Fri Nov  8 16:44:56 2024]
localrule summarize:
    input: testout/2.coverage/chip_tail1M_coverage.txt, testout/0.stats/chip_tail1M.seqkit.stats.txt
    output: testout/3.summary/chip_tail1M_summary.csv
    jobid: 8
    reason: Missing output files: testout/3.summary/chip_tail1M_summary.csv; Input files updated by another job: testout/2.coverage/chip_tail1M_coverage.txt
    wildcards: sample_index=chip_tail1M
    resources: tmpdir=/tmp

[Fri Nov  8 16:44:56 2024]
Error in rule summarize:
    jobid: 7
    input: testout/2.coverage/chip_head1M_coverage.txt, testout/0.stats/chip_head1M.seqkit.stats.txt
    output: testout/3.summary/chip_head1M_summary.csv
    shell:
        
        python /home/renzirui/VHDB_Vertebrate/scripts/summarize.py testout/2.coverage/chip_head1M_coverage.txt testout/0.stats/chip_head1M.seqkit.stats.txt /home/renzirui/VHDB_Vertebrate/db_file/vhdb_info.csv testout/3.summary/chip_head1M_summary.csv 8 
        
        (one of the commands exited with non-zero exit code; note that snakemake uses bash strict mode!)

[Fri Nov  8 16:44:56 2024]
Error in rule summarize:
    jobid: 8
    input: testout/2.coverage/chip_tail1M_coverage.txt, testout/0.stats/chip_tail1M.seqkit.stats.txt
    output: testout/3.summary/chip_tail1M_summary.csv
    shell:
        
        python /home/renzirui/VHDB_Vertebrate/scripts/summarize.py testout/2.coverage/chip_tail1M_coverage.txt testout/0.stats/chip_tail1M.seqkit.stats.txt /home/renzirui/VHDB_Vertebrate/db_file/vhdb_info.csv testout/3.summary/chip_tail1M_summary.csv 8 
        
        (one of the commands exited with non-zero exit code; note that snakemake uses bash strict mode!)

Shutting down, this might take some time.
Exiting because a job execution failed. Look above for error message
Complete log: .snakemake/log/2024-11-08T164455.605246.snakemake.log
WorkflowError:
At least one job did not complete successfully.
